<?xml version="1.0" encoding="UTF-8"?>
<testsuite name="tracker.SampleTest" tests="1" skipped="0" failures="0" errors="0" timestamp="2023-05-11T21:20:18" hostname="Schizoids-MacBook-Pro.local" time="0.005">
  <properties/>
  <testcase name="test()" classname="tracker.SampleTest" time="0.005"/>
  <system-out><![CDATA[]]></system-out>
  <system-err><![CDATA[]]></system-err>
</testsuite>
